<?xml version="1.0" encoding="UTF-8"?>
<!-- Generated by org.testng.reporters.JUnitReportReporter -->
<testsuite hostname="SAMPATH" failures="0" tests="1" name="com.practice.Tree_Set_" time="95.124" errors="0" timestamp="2021-11-29T14:00:45 IST" skipped="0">
  <testcase classname="com.practice.Tree_Set_" name="tree" time="95.124"/>
  <system-out/>
</testsuite> <!-- com.practice.Tree_Set_ -->
